<?xml version="1.0" encoding="UTF-8"?>
<!-- Generated by org.testng.reporters.JUnitReportReporter -->
<testsuite hostname="DESKTOP-QFV9SEJ" failures="0" tests="3" name="org.letcode.Test.TC001_Login" time="17.628" errors="0" timestamp="26 Apr 2023 17:50:54 GMT" skipped="0">
  <testcase classname="org.letcode.Test.TC001_Login" name="loginTest" time="7.478"/>
  <testcase classname="org.letcode.Test.TC001_Login" name="loginTest" time="5.096"/>
  <testcase classname="org.letcode.Test.TC001_Login" name="loginTest" time="5.054"/>
</testsuite> <!-- org.letcode.Test.TC001_Login -->
